<?xml version="1.0" encoding="UTF-8"?>
<testng-results ignored="0" total="1" passed="1" failed="0" skipped="0">
  <reporter-output>
  </reporter-output>
  <suite started-at="2023-09-28T11:34:42 IST" name="Default suite" finished-at="2023-09-28T11:34:53 IST" duration-ms="10368">
    <groups>
    </groups>
    <test started-at="2023-09-28T11:34:42 IST" name="Default test" finished-at="2023-09-28T11:34:53 IST" duration-ms="10368">
      <class name="functionalTesting.FlipkartTesting">
        <test-method signature="verifyTitleandHeading()[pri:0, instance:functionalTesting.FlipkartTesting@2c35e847]" started-at="2023-09-28T11:34:42 IST" name="verifyTitleandHeading" finished-at="2023-09-28T11:34:53 IST" duration-ms="10324" status="PASS">
          <reporter-output>
          </reporter-output>
        </test-method> <!-- verifyTitleandHeading -->
      </class> <!-- functionalTesting.FlipkartTesting -->
    </test> <!-- Default test -->
  </suite> <!-- Default suite -->
</testng-results>
